{"level":"info","message":"winston - hello"}
{"level":"error","message":"GET /cart.json 라우터가 없습니다."}
{"level":"info","message":"winston - hello"}
{"level":"error","message":"GET /favicon.ico 라우터가 없습니다."}
{"level":"info","message":"winston - hello"}
{"level":"error","message":"GET /cart.json 라우터가 없습니다."}
{"level":"info","message":"winston - hello"}
{"level":"error","message":"GET /isd 라우터가 없습니다."}
{"level":"info","message":"winston - hello"}
{"level":"error","message":"GET /cart.json 라우터가 없습니다."}
{"level":"info","message":"winston - hello"}
{"level":"error","message":"GET /isd 라우터가 없습니다."}
{"level":"info","message":"winston - hello"}
{"level":"error","message":"GET /cart.json 라우터가 없습니다."}
{"level":"info","message":"winston - hello"}
{"level":"error","message":"GET /cart.json 라우터가 없습니다."}
{"level":"info","message":"winston - hello"}
{"level":"error","message":"GET /cart.json 라우터가 없습니다."}
{"level":"info","message":"winston - 오류"}
{"level":"error","message":"GET /cart.json 라우터가 없습니다."}
{"level":"info","message":"winston - 오류"}
{"level":"error","message":"GET /i%E3%84%B4%E3%85%87 라우터가 없습니다."}
{"level":"info","message":"winston - 오류"}
{"level":"error","message":"GET /cart.json 라우터가 없습니다."}
{"level":"info","message":"winston - 오류"}
{"level":"error","message":"GET /cart.json 라우터가 없습니다."}
{"level":"info","message":"winston - 오류"}
{"level":"error","message":"GET /favicon.ico 라우터가 없습니다."}
{"level":"info","message":"winston - 오류"}
{"level":"error","message":"GET /cart.json 라우터가 없습니다."}
{"level":"info","message":"winston - 오류"}
{"level":"error","message":"GET /cart.json 라우터가 없습니다."}
{"level":"info","message":"winston - 오류"}
{"level":"error","message":"GET /cart.json 라우터가 없습니다."}
{"level":"info","message":"winston - 오류"}
{"level":"error","message":"GET /cart.json 라우터가 없습니다."}
{"level":"info","message":"winston - 오류"}
{"level":"error","message":"GET /cart.json 라우터가 없습니다."}
{"level":"info","message":"winston - 오류"}
{"level":"error","message":"GET /cart.json 라우터가 없습니다."}
{"level":"info","message":"winston - 오류"}
{"level":"error","message":"GET /cart.json 라우터가 없습니다."}
{"level":"info","message":"winston - 오류"}
{"level":"error","message":"GET /80 라우터가 없습니다."}
{"level":"info","message":"winston - 오류"}
{"level":"error","message":"GET /cart.json 라우터가 없습니다."}
{"level":"info","message":"winston - 오류"}
{"level":"error","message":"GET /cart.json 라우터가 없습니다."}
{"level":"info","message":"winston - 오류"}
{"level":"error","message":"GET /cart.json 라우터가 없습니다."}
{"level":"info","message":"winston - 오류"}
{"level":"error","message":"GET /cart.json 라우터가 없습니다."}
{"level":"info","message":"winston - 오류"}
{"level":"error","message":"GET /cart.json 라우터가 없습니다."}
{"level":"info","message":"winston - 오류"}
{"level":"error","message":"GET /cart.json 라우터가 없습니다."}
{"level":"info","message":"winston - 오류"}
{"level":"error","message":"GET /cart.json 라우터가 없습니다."}
{"level":"info","message":"winston - 오류"}
{"level":"error","message":"GET /cart.json 라우터가 없습니다."}
{"level":"info","message":"winston - 오류"}
{"level":"error","message":"GET /cart.json 라우터가 없습니다."}
{"level":"info","message":"winston - 오류"}
{"level":"error","message":"GET /cart.json 라우터가 없습니다."}
{"level":"info","message":"winston - 오류"}
{"level":"error","message":"GET /cart.json 라우터가 없습니다."}
{"level":"info","message":"winston - 오류"}
{"level":"error","message":"GET /cart.json 라우터가 없습니다."}
{"level":"info","message":"winston - 오류"}
{"level":"error","message":"GET /cart.json 라우터가 없습니다."}
{"level":"info","message":"winston - 오류"}
{"level":"error","message":"GET /cart.json 라우터가 없습니다."}
{"level":"info","message":"winston - 오류"}
{"level":"error","message":"GET /cart.json 라우터가 없습니다."}
